2025-05-10T21:09:10.337+05:30 TRACE [beverage-service,681f731e2e8f8d2b1185359924f67577,036a4d2c0b11c81b] 13192 --- [nio-8082-exec-2] o.s.security.web.FilterChainProxy        : Trying to match request against DefaultSecurityFilterChain [RequestMatcher=any request, Filters=[org.springframework.security.web.session.DisableEncodeUrlFilter@51bd10f0, org.springframework.security.web.context.request.async.WebAsyncManagerIntegrationFilter@47d7e8b5, org.springframework.security.web.context.SecurityContextHolderFilter@5d7f4cbb, org.springframework.security.web.header.HeaderWriterFilter@29ec5005, org.springframework.security.web.csrf.CsrfFilter@6f404bc6, org.springframework.security.web.authentication.logout.LogoutFilter@6b9f5dcf, org.springframework.security.oauth2.server.resource.web.authentication.BearerTokenAuthenticationFilter@33490054, org.springframework.security.web.savedrequest.RequestCacheAwareFilter@5e7fc012, org.springframework.security.web.servletapi.SecurityContextHolderAwareRequestFilter@63e0c744, org.springframework.security.web.authentication.AnonymousAuthenticationFilter@3ce71bbb, org.springframework.security.web.session.SessionManagementFilter@33f059ad, org.springframework.security.web.access.ExceptionTranslationFilter@5e2ab1c, org.springframework.security.web.access.intercept.AuthorizationFilter@65374526]] (1/1)
2025-05-10T21:09:10.337+05:30 DEBUG [beverage-service,681f731e2e8f8d2b1185359924f67577,036a4d2c0b11c81b] 13192 --- [nio-8082-exec-2] o.s.security.web.FilterChainProxy        : Securing GET /api/beverage/2
2025-05-10T21:09:10.337+05:30 TRACE [beverage-service,681f731e2e8f8d2b1185359924f67577,036a4d2c0b11c81b] 13192 --- [nio-8082-exec-2] o.s.security.web.FilterChainProxy        : Invoking DisableEncodeUrlFilter (1/13)
2025-05-10T21:09:10.339+05:30 TRACE [beverage-service,681f731e2e8f8d2b1185359924f67577,5e417d84e0d37bb6] 13192 --- [nio-8082-exec-2] o.s.security.web.FilterChainProxy        : Invoking WebAsyncManagerIntegrationFilter (2/13)
2025-05-10T21:09:10.340+05:30 TRACE [beverage-service,681f731e2e8f8d2b1185359924f67577,5e417d84e0d37bb6] 13192 --- [nio-8082-exec-2] o.s.security.web.FilterChainProxy        : Invoking SecurityContextHolderFilter (3/13)
2025-05-10T21:09:10.340+05:30 TRACE [beverage-service,681f731e2e8f8d2b1185359924f67577,5e417d84e0d37bb6] 13192 --- [nio-8082-exec-2] o.s.security.web.FilterChainProxy        : Invoking HeaderWriterFilter (4/13)
2025-05-10T21:09:10.340+05:30 TRACE [beverage-service,681f731e2e8f8d2b1185359924f67577,5e417d84e0d37bb6] 13192 --- [nio-8082-exec-2] o.s.security.web.FilterChainProxy        : Invoking CsrfFilter (5/13)
2025-05-10T21:09:10.341+05:30 TRACE [beverage-service,681f731e2e8f8d2b1185359924f67577,5e417d84e0d37bb6] 13192 --- [nio-8082-exec-2] o.s.security.web.csrf.CsrfFilter         : Did not protect against CSRF since request did not match And [CsrfNotRequired [TRACE, HEAD, GET, OPTIONS], Not [Or [org.springframework.security.config.annotation.web.configurers.oauth2.server.resource.OAuth2ResourceServerConfigurer$BearerTokenRequestMatcher@73a5cc47]]]
2025-05-10T21:09:10.341+05:30 TRACE [beverage-service,681f731e2e8f8d2b1185359924f67577,5e417d84e0d37bb6] 13192 --- [nio-8082-exec-2] o.s.security.web.FilterChainProxy        : Invoking LogoutFilter (6/13)
2025-05-10T21:09:10.341+05:30 TRACE [beverage-service,681f731e2e8f8d2b1185359924f67577,5e417d84e0d37bb6] 13192 --- [nio-8082-exec-2] o.s.s.w.a.logout.LogoutFilter            : Did not match request to Ant [pattern='/logout', POST]
2025-05-10T21:09:10.341+05:30 TRACE [beverage-service,681f731e2e8f8d2b1185359924f67577,5e417d84e0d37bb6] 13192 --- [nio-8082-exec-2] o.s.security.web.FilterChainProxy        : Invoking BearerTokenAuthenticationFilter (7/13)
2025-05-10T21:09:10.342+05:30 TRACE [beverage-service,681f731e2e8f8d2b1185359924f67577,6aac706ab2361d49] 13192 --- [nio-8082-exec-2] o.s.s.authentication.ProviderManager     : Authenticating request with JwtAuthenticationProvider (1/2)
2025-05-10T21:09:10.345+05:30  INFO [beverage-service,681f731e2e8f8d2b1185359924f67577,6aac706ab2361d49] 13192 --- [nio-8082-exec-2] com.infybuzz.security.JwtAuthConverter   : authorities: [ROLE_USER]
2025-05-10T21:09:10.345+05:30 DEBUG [beverage-service,681f731e2e8f8d2b1185359924f67577,6aac706ab2361d49] 13192 --- [nio-8082-exec-2] o.s.s.o.s.r.a.JwtAuthenticationProvider  : Authenticated token
2025-05-10T21:09:10.345+05:30 DEBUG [beverage-service,681f731e2e8f8d2b1185359924f67577,5e417d84e0d37bb6] 13192 --- [nio-8082-exec-2] .s.r.w.a.BearerTokenAuthenticationFilter : Set SecurityContextHolder to JwtAuthenticationToken [Principal=org.springframework.security.oauth2.jwt.Jwt@1571494d, Credentials=[PROTECTED], Authenticated=true, Details=WebAuthenticationDetails [RemoteIpAddress=127.0.0.1, SessionId=null], Granted Authorities=[ROLE_USER]]
2025-05-10T21:09:10.345+05:30 TRACE [beverage-service,681f731e2e8f8d2b1185359924f67577,5e417d84e0d37bb6] 13192 --- [nio-8082-exec-2] o.s.security.web.FilterChainProxy        : Invoking RequestCacheAwareFilter (8/13)
2025-05-10T21:09:10.347+05:30 TRACE [beverage-service,681f731e2e8f8d2b1185359924f67577,5e417d84e0d37bb6] 13192 --- [nio-8082-exec-2] o.s.security.web.FilterChainProxy        : Invoking SecurityContextHolderAwareRequestFilter (9/13)
2025-05-10T21:09:10.347+05:30 TRACE [beverage-service,681f731e2e8f8d2b1185359924f67577,5e417d84e0d37bb6] 13192 --- [nio-8082-exec-2] o.s.security.web.FilterChainProxy        : Invoking AnonymousAuthenticationFilter (10/13)
2025-05-10T21:09:10.347+05:30 TRACE [beverage-service,681f731e2e8f8d2b1185359924f67577,5e417d84e0d37bb6] 13192 --- [nio-8082-exec-2] o.s.security.web.FilterChainProxy        : Invoking SessionManagementFilter (11/13)
2025-05-10T21:09:10.347+05:30 TRACE [beverage-service,681f731e2e8f8d2b1185359924f67577,5e417d84e0d37bb6] 13192 --- [nio-8082-exec-2] o.s.s.w.a.AnonymousAuthenticationFilter  : Did not set SecurityContextHolder since already authenticated JwtAuthenticationToken [Principal=org.springframework.security.oauth2.jwt.Jwt@1571494d, Credentials=[PROTECTED], Authenticated=true, Details=WebAuthenticationDetails [RemoteIpAddress=127.0.0.1, SessionId=null], Granted Authorities=[ROLE_USER]]
2025-05-10T21:09:10.347+05:30 TRACE [beverage-service,681f731e2e8f8d2b1185359924f67577,5e417d84e0d37bb6] 13192 --- [nio-8082-exec-2] s.CompositeSessionAuthenticationStrategy : Preparing session with ChangeSessionIdAuthenticationStrategy (1/2)
2025-05-10T21:09:10.348+05:30 TRACE [beverage-service,681f731e2e8f8d2b1185359924f67577,5e417d84e0d37bb6] 13192 --- [nio-8082-exec-2] s.CompositeSessionAuthenticationStrategy : Preparing session with CsrfAuthenticationStrategy (2/2)
2025-05-10T21:09:10.348+05:30 TRACE [beverage-service,681f731e2e8f8d2b1185359924f67577,5e417d84e0d37bb6] 13192 --- [nio-8082-exec-2] o.s.security.web.FilterChainProxy        : Invoking ExceptionTranslationFilter (12/13)
2025-05-10T21:09:10.348+05:30 TRACE [beverage-service,681f731e2e8f8d2b1185359924f67577,5e417d84e0d37bb6] 13192 --- [nio-8082-exec-2] o.s.security.web.FilterChainProxy        : Invoking AuthorizationFilter (13/13)
2025-05-10T21:09:10.349+05:30 TRACE [beverage-service,681f731e2e8f8d2b1185359924f67577,82c10087e5c20148] 13192 --- [nio-8082-exec-2] estMatcherDelegatingAuthorizationManager : Authorizing SecurityContextHolderAwareRequestWrapper[ org.springframework.security.web.header.HeaderWriterFilter$HeaderWriterRequest@558ad5ec]
2025-05-10T21:09:10.352+05:30 TRACE [beverage-service,681f731e2e8f8d2b1185359924f67577,82c10087e5c20148] 13192 --- [nio-8082-exec-2] estMatcherDelegatingAuthorizationManager : Checking authorization on SecurityContextHolderAwareRequestWrapper[ org.springframework.security.web.header.HeaderWriterFilter$HeaderWriterRequest@558ad5ec] using org.springframework.security.authorization.AuthenticatedAuthorizationManager@531f57e6
2025-05-10T21:09:10.353+05:30 DEBUG [beverage-service,681f731e2e8f8d2b1185359924f67577,2eb13e298ec4252c] 13192 --- [nio-8082-exec-2] o.s.security.web.FilterChainProxy        : Secured GET /api/beverage/2
2025-05-10T21:09:10.379+05:30 DEBUG [beverage-service,681f731e2e8f8d2b1185359924f67577,2eb13e298ec4252c] 13192 --- [nio-8082-exec-2] horizationManagerBeforeMethodInterceptor : Authorizing method invocation ReflectiveMethodInvocation: public org.springframework.http.ResponseEntity com.infybuzz.controller.BeverageController.getById(long); target is of class [com.infybuzz.controller.BeverageController]
2025-05-10T21:09:10.474+05:30 DEBUG [beverage-service,681f731e2e8f8d2b1185359924f67577,2eb13e298ec4252c] 13192 --- [nio-8082-exec-2] horizationManagerBeforeMethodInterceptor : Authorized method invocation ReflectiveMethodInvocation: public org.springframework.http.ResponseEntity com.infybuzz.controller.BeverageController.getById(long); target is of class [com.infybuzz.controller.BeverageController]
2025-05-10T21:09:10.475+05:30  INFO [beverage-service,681f731e2e8f8d2b1185359924f67577,2eb13e298ec4252c] 13192 --- [nio-8082-exec-2] com.infybuzz.service.BeverageService     : Inside getById 2
2025-05-10T21:09:10.542+05:30 DEBUG [beverage-service,681f731e2e8f8d2b1185359924f67577,2eb13e298ec4252c] 13192 --- [nio-8082-exec-2] org.hibernate.SQL                        : select b1_0.beverage_id,b1_0.availability,b1_0.beverage_cost,b1_0.beverage_name,b1_0.beverage_type,b1_0.created_at,b1_0.modified_at from beverages b1_0 where b1_0.beverage_id=?
Hibernate: select b1_0.beverage_id,b1_0.availability,b1_0.beverage_cost,b1_0.beverage_name,b1_0.beverage_type,b1_0.created_at,b1_0.modified_at from beverages b1_0 where b1_0.beverage_id=?
2025-05-10T21:09:10.568+05:30 TRACE [beverage-service,681f731e2e8f8d2b1185359924f67577,2eb13e298ec4252c] 13192 --- [nio-8082-exec-2] o.s.s.w.header.writers.HstsHeaderWriter  : Not injecting HSTS header since it did not match request to [Is Secure]
