2025-05-10T21:06:40.852+05:30 TRACE [auth-service,681f72889513673e4c196bf4df5b1900,0eac350e5c4888d4] 15048 --- [nio-8083-exec-8] o.s.security.web.FilterChainProxy        : Trying to match request against DefaultSecurityFilterChain [RequestMatcher=any request, Filters=[org.springframework.security.web.session.DisableEncodeUrlFilter@4a2bc71f, org.springframework.security.web.context.request.async.WebAsyncManagerIntegrationFilter@20f94e9a, org.springframework.security.web.context.SecurityContextHolderFilter@64d0b8e3, org.springframework.security.web.header.HeaderWriterFilter@5ba7391b, org.springframework.security.web.authentication.logout.LogoutFilter@6f915016, org.springframework.security.web.savedrequest.RequestCacheAwareFilter@7be9582e, org.springframework.security.web.servletapi.SecurityContextHolderAwareRequestFilter@4c25687b, org.springframework.security.web.authentication.AnonymousAuthenticationFilter@3f213e97, org.springframework.security.web.access.ExceptionTranslationFilter@74474fc0, org.springframework.security.web.access.intercept.AuthorizationFilter@157ff8f8]] (1/1)
2025-05-10T21:06:40.852+05:30 DEBUG [auth-service,681f72889513673e4c196bf4df5b1900,0eac350e5c4888d4] 15048 --- [nio-8083-exec-8] o.s.security.web.FilterChainProxy        : Securing POST /api/auth/refreshToken
2025-05-10T21:06:40.853+05:30 TRACE [auth-service,681f72889513673e4c196bf4df5b1900,0eac350e5c4888d4] 15048 --- [nio-8083-exec-8] o.s.security.web.FilterChainProxy        : Invoking DisableEncodeUrlFilter (1/10)
2025-05-10T21:06:40.853+05:30 TRACE [auth-service,681f72889513673e4c196bf4df5b1900,25a227296d4c2fb7] 15048 --- [nio-8083-exec-8] o.s.security.web.FilterChainProxy        : Invoking WebAsyncManagerIntegrationFilter (2/10)
2025-05-10T21:06:40.854+05:30 TRACE [auth-service,681f72889513673e4c196bf4df5b1900,25a227296d4c2fb7] 15048 --- [nio-8083-exec-8] o.s.security.web.FilterChainProxy        : Invoking SecurityContextHolderFilter (3/10)
2025-05-10T21:06:40.854+05:30 TRACE [auth-service,681f72889513673e4c196bf4df5b1900,25a227296d4c2fb7] 15048 --- [nio-8083-exec-8] o.s.security.web.FilterChainProxy        : Invoking HeaderWriterFilter (4/10)
2025-05-10T21:06:40.854+05:30 TRACE [auth-service,681f72889513673e4c196bf4df5b1900,25a227296d4c2fb7] 15048 --- [nio-8083-exec-8] o.s.security.web.FilterChainProxy        : Invoking LogoutFilter (5/10)
2025-05-10T21:06:40.855+05:30 TRACE [auth-service,681f72889513673e4c196bf4df5b1900,25a227296d4c2fb7] 15048 --- [nio-8083-exec-8] o.s.s.w.a.logout.LogoutFilter            : Did not match request to Or [Ant [pattern='/logout', GET], Ant [pattern='/logout', POST], Ant [pattern='/logout', PUT], Ant [pattern='/logout', DELETE]]
2025-05-10T21:06:40.855+05:30 TRACE [auth-service,681f72889513673e4c196bf4df5b1900,25a227296d4c2fb7] 15048 --- [nio-8083-exec-8] o.s.security.web.FilterChainProxy        : Invoking RequestCacheAwareFilter (6/10)
2025-05-10T21:06:40.855+05:30 TRACE [auth-service,681f72889513673e4c196bf4df5b1900,25a227296d4c2fb7] 15048 --- [nio-8083-exec-8] o.s.s.w.s.HttpSessionRequestCache        : matchingRequestParameterName is required for getMatchingRequest to lookup a value, but not provided
2025-05-10T21:06:40.855+05:30 TRACE [auth-service,681f72889513673e4c196bf4df5b1900,25a227296d4c2fb7] 15048 --- [nio-8083-exec-8] o.s.security.web.FilterChainProxy        : Invoking SecurityContextHolderAwareRequestFilter (7/10)
2025-05-10T21:06:40.855+05:30 TRACE [auth-service,681f72889513673e4c196bf4df5b1900,25a227296d4c2fb7] 15048 --- [nio-8083-exec-8] o.s.security.web.FilterChainProxy        : Invoking AnonymousAuthenticationFilter (8/10)
2025-05-10T21:06:40.855+05:30 TRACE [auth-service,681f72889513673e4c196bf4df5b1900,25a227296d4c2fb7] 15048 --- [nio-8083-exec-8] o.s.security.web.FilterChainProxy        : Invoking ExceptionTranslationFilter (9/10)
2025-05-10T21:06:40.855+05:30 TRACE [auth-service,681f72889513673e4c196bf4df5b1900,25a227296d4c2fb7] 15048 --- [nio-8083-exec-8] o.s.security.web.FilterChainProxy        : Invoking AuthorizationFilter (10/10)
2025-05-10T21:06:40.856+05:30 TRACE [auth-service,681f72889513673e4c196bf4df5b1900,ba3c5f1785be7f2d] 15048 --- [nio-8083-exec-8] estMatcherDelegatingAuthorizationManager : Authorizing SecurityContextHolderAwareRequestWrapper[ org.springframework.security.web.header.HeaderWriterFilter$HeaderWriterRequest@f7cc82c]
2025-05-10T21:06:40.857+05:30 TRACE [auth-service,681f72889513673e4c196bf4df5b1900,ba3c5f1785be7f2d] 15048 --- [nio-8083-exec-8] estMatcherDelegatingAuthorizationManager : Checking authorization on SecurityContextHolderAwareRequestWrapper[ org.springframework.security.web.header.HeaderWriterFilter$HeaderWriterRequest@f7cc82c] using org.springframework.security.config.annotation.web.configurers.AuthorizeHttpRequestsConfigurer$$Lambda$1298/0x000001c94f8d8800@1dd13ca7
2025-05-10T21:06:40.859+05:30 DEBUG [auth-service,681f72889513673e4c196bf4df5b1900,6893365e5c1edaf1] 15048 --- [nio-8083-exec-8] o.s.security.web.FilterChainProxy        : Secured POST /api/auth/refreshToken
2025-05-10T21:06:40.861+05:30  INFO [auth-service,681f72889513673e4c196bf4df5b1900,6893365e5c1edaf1] 15048 --- [nio-8083-exec-8] com.infybuzz.controller.AuthController   : Refreshing token
2025-05-10T21:06:40.866+05:30 DEBUG [auth-service,681f72889513673e4c196bf4df5b1900,6893365e5c1edaf1] 15048 --- [nio-8083-exec-8] org.hibernate.SQL                        : select u1_0.id,u1_0.created_at,u1_0.email,u1_0.password,u1_0.username from users u1_0 where u1_0.username=?
Hibernate: select u1_0.id,u1_0.created_at,u1_0.email,u1_0.password,u1_0.username from users u1_0 where u1_0.username=?
2025-05-10T21:06:40.870+05:30 DEBUG [auth-service,681f72889513673e4c196bf4df5b1900,6893365e5c1edaf1] 15048 --- [nio-8083-exec-8] org.hibernate.SQL                        : select r1_0.user_id,r1_1.id,r1_1.name from user_roles r1_0 join roles r1_1 on r1_1.id=r1_0.role_id where r1_0.user_id=?
Hibernate: select r1_0.user_id,r1_1.id,r1_1.name from user_roles r1_0 join roles r1_1 on r1_1.id=r1_0.role_id where r1_0.user_id=?
2025-05-10T21:06:40.874+05:30  INFO [auth-service,681f72889513673e4c196bf4df5b1900,6893365e5c1edaf1] 15048 --- [nio-8083-exec-8] c.i.security.CustomUserDetailsService    : User: UserEntity(id=1, username=john_doe, email=john@gmail.com, password=$2a$10$B3TsB4d2WCKcCtxjOMEn7udvCTlWpz/c7eP12k5Rw8rBMvJVFgdRe, roles=[com.infybuzz.entity.Role@edd12bd], createdAt=2025-05-10T16:31:39.290761)
2025-05-10T21:06:40.897+05:30 TRACE [auth-service,681f72889513673e4c196bf4df5b1900,6893365e5c1edaf1] 15048 --- [nio-8083-exec-8] o.s.s.w.header.writers.HstsHeaderWriter  : Not injecting HSTS header since it did not match request to [Is Secure]
2025-05-10T21:06:40.899+05:30 TRACE [auth-service,681f72889513673e4c196bf4df5b1900,6893365e5c1edaf1] 15048 --- [nio-8083-exec-8] w.c.HttpSessionSecurityContextRepository : Did not find SecurityContext in HttpSession FA656090A317132F6F0843B03AF5B036 using the SPRING_SECURITY_CONTEXT session attribute
2025-05-10T21:06:40.899+05:30 TRACE [auth-service,681f72889513673e4c196bf4df5b1900,6893365e5c1edaf1] 15048 --- [nio-8083-exec-8] .s.s.w.c.SupplierDeferredSecurityContext : Created SecurityContextImpl [Null authentication]
2025-05-10T21:06:40.899+05:30 TRACE [auth-service,681f72889513673e4c196bf4df5b1900,6893365e5c1edaf1] 15048 --- [nio-8083-exec-8] .s.s.w.c.SupplierDeferredSecurityContext : Created SecurityContextImpl [Null authentication]
2025-05-10T21:06:40.899+05:30 TRACE [auth-service,681f72889513673e4c196bf4df5b1900,6893365e5c1edaf1] 15048 --- [nio-8083-exec-8] o.s.s.w.a.AnonymousAuthenticationFilter  : Set SecurityContextHolder to AnonymousAuthenticationToken [Principal=anonymousUser, Credentials=[PROTECTED], Authenticated=true, Details=WebAuthenticationDetails [RemoteIpAddress=127.0.0.1, SessionId=FA656090A317132F6F0843B03AF5B036], Granted Authorities=[ROLE_ANONYMOUS]]
