2025-05-10T21:02:15.362+05:30 TRACE [auth-service,681f717f8d46ac24fe579343bdc5e742,9bcb0837885d5402] 15048 --- [nio-8083-exec-1] o.s.security.web.FilterChainProxy        : Trying to match request against DefaultSecurityFilterChain [RequestMatcher=any request, Filters=[org.springframework.security.web.session.DisableEncodeUrlFilter@4a2bc71f, org.springframework.security.web.context.request.async.WebAsyncManagerIntegrationFilter@20f94e9a, org.springframework.security.web.context.SecurityContextHolderFilter@64d0b8e3, org.springframework.security.web.header.HeaderWriterFilter@5ba7391b, org.springframework.security.web.authentication.logout.LogoutFilter@6f915016, org.springframework.security.web.savedrequest.RequestCacheAwareFilter@7be9582e, org.springframework.security.web.servletapi.SecurityContextHolderAwareRequestFilter@4c25687b, org.springframework.security.web.authentication.AnonymousAuthenticationFilter@3f213e97, org.springframework.security.web.access.ExceptionTranslationFilter@74474fc0, org.springframework.security.web.access.intercept.AuthorizationFilter@157ff8f8]] (1/1)
2025-05-10T21:02:15.364+05:30 DEBUG [auth-service,681f717f8d46ac24fe579343bdc5e742,9bcb0837885d5402] 15048 --- [nio-8083-exec-1] o.s.security.web.FilterChainProxy        : Securing POST /api/auth/token
2025-05-10T21:02:15.364+05:30 TRACE [auth-service,681f717f8d46ac24fe579343bdc5e742,9bcb0837885d5402] 15048 --- [nio-8083-exec-1] o.s.security.web.FilterChainProxy        : Invoking DisableEncodeUrlFilter (1/10)
2025-05-10T21:02:15.367+05:30 TRACE [auth-service,681f717f8d46ac24fe579343bdc5e742,5bb9299e29060916] 15048 --- [nio-8083-exec-1] o.s.security.web.FilterChainProxy        : Invoking WebAsyncManagerIntegrationFilter (2/10)
2025-05-10T21:02:15.368+05:30 TRACE [auth-service,681f717f8d46ac24fe579343bdc5e742,5bb9299e29060916] 15048 --- [nio-8083-exec-1] o.s.security.web.FilterChainProxy        : Invoking SecurityContextHolderFilter (3/10)
2025-05-10T21:02:15.368+05:30 TRACE [auth-service,681f717f8d46ac24fe579343bdc5e742,5bb9299e29060916] 15048 --- [nio-8083-exec-1] o.s.security.web.FilterChainProxy        : Invoking HeaderWriterFilter (4/10)
2025-05-10T21:02:15.369+05:30 TRACE [auth-service,681f717f8d46ac24fe579343bdc5e742,5bb9299e29060916] 15048 --- [nio-8083-exec-1] o.s.security.web.FilterChainProxy        : Invoking LogoutFilter (5/10)
2025-05-10T21:02:15.371+05:30 TRACE [auth-service,681f717f8d46ac24fe579343bdc5e742,5bb9299e29060916] 15048 --- [nio-8083-exec-1] o.s.s.w.a.logout.LogoutFilter            : Did not match request to Or [Ant [pattern='/logout', GET], Ant [pattern='/logout', POST], Ant [pattern='/logout', PUT], Ant [pattern='/logout', DELETE]]
2025-05-10T21:02:15.371+05:30 TRACE [auth-service,681f717f8d46ac24fe579343bdc5e742,5bb9299e29060916] 15048 --- [nio-8083-exec-1] o.s.security.web.FilterChainProxy        : Invoking RequestCacheAwareFilter (6/10)
2025-05-10T21:02:15.372+05:30 TRACE [auth-service,681f717f8d46ac24fe579343bdc5e742,5bb9299e29060916] 15048 --- [nio-8083-exec-1] o.s.s.w.s.HttpSessionRequestCache        : matchingRequestParameterName is required for getMatchingRequest to lookup a value, but not provided
2025-05-10T21:02:15.372+05:30 TRACE [auth-service,681f717f8d46ac24fe579343bdc5e742,5bb9299e29060916] 15048 --- [nio-8083-exec-1] o.s.security.web.FilterChainProxy        : Invoking SecurityContextHolderAwareRequestFilter (7/10)
2025-05-10T21:02:15.373+05:30 TRACE [auth-service,681f717f8d46ac24fe579343bdc5e742,5bb9299e29060916] 15048 --- [nio-8083-exec-1] o.s.security.web.FilterChainProxy        : Invoking AnonymousAuthenticationFilter (8/10)
2025-05-10T21:02:15.373+05:30 TRACE [auth-service,681f717f8d46ac24fe579343bdc5e742,5bb9299e29060916] 15048 --- [nio-8083-exec-1] o.s.security.web.FilterChainProxy        : Invoking ExceptionTranslationFilter (9/10)
2025-05-10T21:02:15.374+05:30 TRACE [auth-service,681f717f8d46ac24fe579343bdc5e742,5bb9299e29060916] 15048 --- [nio-8083-exec-1] o.s.security.web.FilterChainProxy        : Invoking AuthorizationFilter (10/10)
2025-05-10T21:02:15.376+05:30 TRACE [auth-service,681f717f8d46ac24fe579343bdc5e742,5f2cf7e34ec8322a] 15048 --- [nio-8083-exec-1] estMatcherDelegatingAuthorizationManager : Authorizing SecurityContextHolderAwareRequestWrapper[ org.springframework.security.web.header.HeaderWriterFilter$HeaderWriterRequest@6a6bb40e]
2025-05-10T21:02:15.387+05:30 TRACE [auth-service,681f717f8d46ac24fe579343bdc5e742,5f2cf7e34ec8322a] 15048 --- [nio-8083-exec-1] estMatcherDelegatingAuthorizationManager : Checking authorization on SecurityContextHolderAwareRequestWrapper[ org.springframework.security.web.header.HeaderWriterFilter$HeaderWriterRequest@6a6bb40e] using org.springframework.security.config.annotation.web.configurers.AuthorizeHttpRequestsConfigurer$$Lambda$1298/0x000001c94f8d8800@1dd13ca7
2025-05-10T21:02:15.393+05:30 DEBUG [auth-service,681f717f8d46ac24fe579343bdc5e742,7394adc432a60899] 15048 --- [nio-8083-exec-1] o.s.security.web.FilterChainProxy        : Secured POST /api/auth/token
2025-05-10T21:02:15.436+05:30  INFO [auth-service,681f717f8d46ac24fe579343bdc5e742,7394adc432a60899] 15048 --- [nio-8083-exec-1] com.infybuzz.controller.AuthController   : Generating tokens for user: john_doe
2025-05-10T21:02:15.439+05:30 TRACE [auth-service,681f717f8d46ac24fe579343bdc5e742,7394adc432a60899] 15048 --- [nio-8083-exec-1] o.s.s.authentication.ProviderManager     : Authenticating request with DaoAuthenticationProvider (1/1)
2025-05-10T21:02:15.570+05:30 DEBUG [auth-service,681f717f8d46ac24fe579343bdc5e742,7394adc432a60899] 15048 --- [nio-8083-exec-1] org.hibernate.SQL                        : select u1_0.id,u1_0.created_at,u1_0.email,u1_0.password,u1_0.username from users u1_0 where u1_0.username=?
Hibernate: select u1_0.id,u1_0.created_at,u1_0.email,u1_0.password,u1_0.username from users u1_0 where u1_0.username=?
2025-05-10T21:02:15.621+05:30 DEBUG [auth-service,681f717f8d46ac24fe579343bdc5e742,7394adc432a60899] 15048 --- [nio-8083-exec-1] org.hibernate.SQL                        : select r1_0.user_id,r1_1.id,r1_1.name from user_roles r1_0 join roles r1_1 on r1_1.id=r1_0.role_id where r1_0.user_id=?
Hibernate: select r1_0.user_id,r1_1.id,r1_1.name from user_roles r1_0 join roles r1_1 on r1_1.id=r1_0.role_id where r1_0.user_id=?
2025-05-10T21:02:15.644+05:30  INFO [auth-service,681f717f8d46ac24fe579343bdc5e742,7394adc432a60899] 15048 --- [nio-8083-exec-1] c.i.security.CustomUserDetailsService    : User: UserEntity(id=1, username=john_doe, email=john@gmail.com, password=$2a$10$B3TsB4d2WCKcCtxjOMEn7udvCTlWpz/c7eP12k5Rw8rBMvJVFgdRe, roles=[com.infybuzz.entity.Role@5929c9cb], createdAt=2025-05-10T16:31:39.290761)
2025-05-10T21:02:15.868+05:30 DEBUG [auth-service,681f717f8d46ac24fe579343bdc5e742,7394adc432a60899] 15048 --- [nio-8083-exec-1] o.s.s.a.dao.DaoAuthenticationProvider    : Authenticated user
2025-05-10T21:02:15.872+05:30 DEBUG [auth-service,681f717f8d46ac24fe579343bdc5e742,7394adc432a60899] 15048 --- [nio-8083-exec-1] org.hibernate.SQL                        : select u1_0.id,u1_0.created_at,u1_0.email,u1_0.password,u1_0.username from users u1_0 where u1_0.username=?
Hibernate: select u1_0.id,u1_0.created_at,u1_0.email,u1_0.password,u1_0.username from users u1_0 where u1_0.username=?
2025-05-10T21:02:15.875+05:30  INFO [auth-service,681f717f8d46ac24fe579343bdc5e742,7394adc432a60899] 15048 --- [nio-8083-exec-1] c.i.security.CustomUserDetailsService    : User: UserEntity(id=1, username=john_doe, email=john@gmail.com, password=$2a$10$B3TsB4d2WCKcCtxjOMEn7udvCTlWpz/c7eP12k5Rw8rBMvJVFgdRe, roles=[com.infybuzz.entity.Role@5929c9cb], createdAt=2025-05-10T16:31:39.290761)
2025-05-10T21:02:15.933+05:30 TRACE [auth-service,681f717f8d46ac24fe579343bdc5e742,7394adc432a60899] 15048 --- [nio-8083-exec-1] o.s.s.w.header.writers.HstsHeaderWriter  : Not injecting HSTS header since it did not match request to [Is Secure]
2025-05-10T21:02:15.940+05:30 TRACE [auth-service,681f717f8d46ac24fe579343bdc5e742,7394adc432a60899] 15048 --- [nio-8083-exec-1] w.c.HttpSessionSecurityContextRepository : No HttpSession currently exists
2025-05-10T21:02:15.941+05:30 TRACE [auth-service,681f717f8d46ac24fe579343bdc5e742,7394adc432a60899] 15048 --- [nio-8083-exec-1] .s.s.w.c.SupplierDeferredSecurityContext : Created SecurityContextImpl [Null authentication]
2025-05-10T21:02:15.941+05:30 TRACE [auth-service,681f717f8d46ac24fe579343bdc5e742,7394adc432a60899] 15048 --- [nio-8083-exec-1] .s.s.w.c.SupplierDeferredSecurityContext : Created SecurityContextImpl [Null authentication]
2025-05-10T21:02:15.942+05:30 TRACE [auth-service,681f717f8d46ac24fe579343bdc5e742,7394adc432a60899] 15048 --- [nio-8083-exec-1] o.s.s.w.a.AnonymousAuthenticationFilter  : Set SecurityContextHolder to AnonymousAuthenticationToken [Principal=anonymousUser, Credentials=[PROTECTED], Authenticated=true, Details=WebAuthenticationDetails [RemoteIpAddress=127.0.0.1, SessionId=null], Granted Authorities=[ROLE_ANONYMOUS]]
